<?xml version="1.0" encoding="UTF-8"?>
<robot generator="Robot 3.2.1 (Python 3.8.5 on win32)" generated="20200816 14:12:08.444" rpa="false">
<suite id="s1" name="SearchonMagazinebysearchbar" source="C:\robot-frame\scripts\Tests\Tests\SearchonMagazinebysearchbar.robot">
<test id="s1-t1" name="Search for any location on Magazine by using the search bar">
<kw name="Given Open Browser To Login Page for trivago" library="Trivago">
<kw name="Load Page Trivago" library="LandingPage">
<kw name="Open Browser" library="SeleniumLibrary">
<doc>Opens a new browser instance to the optional ``url``.</doc>
<arguments>
<arg>http://room5.trivago.com/</arg>
<arg>Chrome</arg>
</arguments>
<msg timestamp="20200816 14:12:08.803" level="INFO">Opening browser 'Chrome' to base url 'http://room5.trivago.com/'.</msg>
<status status="PASS" starttime="20200816 14:12:08.803" endtime="20200816 14:12:14.433"></status>
</kw>
<kw name="Set Selenium Speed" library="SeleniumLibrary">
<doc>Sets the delay that is waited after each Selenium command.</doc>
<arguments>
<arg>1</arg>
</arguments>
<status status="PASS" starttime="20200816 14:12:14.433" endtime="20200816 14:12:14.434"></status>
</kw>
<kw name="Maximize Browser Window" library="SeleniumLibrary">
<doc>Maximizes current browser window.</doc>
<status status="PASS" starttime="20200816 14:12:14.434" endtime="20200816 14:12:17.653"></status>
</kw>
<kw name="Trivago Page Should Be Open" library="Trivago">
<kw name="Title Should Be" library="SeleniumLibrary">
<doc>Verifies that the current page title equals ``title``.</doc>
<arguments>
<arg>trivago Magazine</arg>
</arguments>
<msg timestamp="20200816 14:12:18.661" level="INFO">Page title is 'trivago Magazine'.</msg>
<status status="PASS" starttime="20200816 14:12:17.653" endtime="20200816 14:12:18.661"></status>
</kw>
<status status="PASS" starttime="20200816 14:12:17.653" endtime="20200816 14:12:18.661"></status>
</kw>
<status status="PASS" starttime="20200816 14:12:08.802" endtime="20200816 14:12:18.661"></status>
</kw>
<status status="PASS" starttime="20200816 14:12:08.802" endtime="20200816 14:12:18.661"></status>
</kw>
<kw name="When Open Search page" library="Trivago">
<kw name="Enter Search Term" library="TopNav">
<kw name="Click Element" library="SeleniumLibrary">
<doc>Click the element identified by ``locator``.</doc>
<arguments>
<arg>${Search button}</arg>
</arguments>
<msg timestamp="20200816 14:12:18.664" level="INFO">Clicking element 'css=div.search-icon'.</msg>
<status status="PASS" starttime="20200816 14:12:18.664" endtime="20200816 14:12:20.943"></status>
</kw>
<status status="PASS" starttime="20200816 14:12:18.663" endtime="20200816 14:12:20.943"></status>
</kw>
<status status="PASS" starttime="20200816 14:12:18.662" endtime="20200816 14:12:20.943"></status>
</kw>
<kw name="When Input text in search field" library="Trivago">
<kw name="Wait Until Page Contains Element" library="SeleniumLibrary">
<doc>Waits until the element ``locator`` appears on the current page.</doc>
<arguments>
<arg>${Input}</arg>
<arg>5</arg>
</arguments>
<status status="PASS" starttime="20200816 14:12:20.997" endtime="20200816 14:12:22.259"></status>
</kw>
<kw name="Submit Search" library="TopNav">
<kw name="Input Text" library="SeleniumLibrary">
<doc>Types the given ``text`` into the text field identified by ``locator``.</doc>
<arguments>
<arg>${Input}</arg>
<arg>${Text}</arg>
</arguments>
<msg timestamp="20200816 14:12:22.260" level="INFO">Typing text 'new york' into text field 'css=input.input.search-input'.</msg>
<status status="PASS" starttime="20200816 14:12:22.260" endtime="20200816 14:12:25.453"></status>
</kw>
<kw name="Press Key" library="SeleniumLibrary">
<doc>*DEPRECATED in SeleniumLibrary 4.0.* use `Press Keys` instead.</doc>
<arguments>
<arg>css=input.input.search-input</arg>
<arg>\\13</arg>
</arguments>
<msg timestamp="20200816 14:12:25.454" level="WARN">Keyword 'SeleniumLibrary.Press Key' is deprecated. use `Press Keys` instead.</msg>
<status status="PASS" starttime="20200816 14:12:25.453" endtime="20200816 14:12:27.563"></status>
</kw>
<status status="PASS" starttime="20200816 14:12:22.259" endtime="20200816 14:12:27.563"></status>
</kw>
<status status="PASS" starttime="20200816 14:12:20.996" endtime="20200816 14:12:27.563"></status>
</kw>
<kw name="Then Make sure, that page with search results" library="Trivago">
<kw name="Wait Until Page Contains" library="SeleniumLibrary">
<doc>Waits until ``text`` appears on the current page.</doc>
<arguments>
<arg>Search Results</arg>
</arguments>
<status status="PASS" starttime="20200816 14:12:27.564" endtime="20200816 14:12:28.592"></status>
</kw>
<status status="PASS" starttime="20200816 14:12:27.564" endtime="20200816 14:12:28.592"></status>
</kw>
<kw name="Close Browser" library="SeleniumLibrary" type="teardown">
<doc>Closes the current browser.</doc>
<status status="PASS" starttime="20200816 14:12:28.593" endtime="20200816 14:12:31.750"></status>
</kw>
<status status="PASS" starttime="20200816 14:12:08.801" endtime="20200816 14:12:31.751" critical="yes"></status>
</test>
<status status="PASS" starttime="20200816 14:12:08.446" endtime="20200816 14:12:31.756"></status>
</suite>
<statistics>
<total>
<stat pass="1" fail="0">Critical Tests</stat>
<stat pass="1" fail="0">All Tests</stat>
</total>
<tag>
</tag>
<suite>
<stat pass="1" fail="0" id="s1" name="SearchonMagazinebysearchbar">SearchonMagazinebysearchbar</stat>
</suite>
</statistics>
<errors>
<msg timestamp="20200816 14:12:25.454" level="WARN">Keyword 'SeleniumLibrary.Press Key' is deprecated. use `Press Keys` instead.</msg>
</errors>
</robot>
