<?xml version="1.0" encoding="UTF-8"?>
<robot generator="Robot 3.2.1 (Python 3.8.5 on win32)" generated="20200816 14:10:11.638" rpa="false">
<suite id="s1" name="SubscribetoNewsletter" source="C:\robot-frame\scripts\Tests\Tests\SubscribetoNewsletter.robot">
<test id="s1-t1" name="Subscribe on news">
<kw name="Given Open Browser To Login Page for trivago" library="Trivago">
<kw name="Load Page Trivago" library="LandingPage">
<kw name="Open Browser" library="SeleniumLibrary">
<doc>Opens a new browser instance to the optional ``url``.</doc>
<arguments>
<arg>http://room5.trivago.com/</arg>
<arg>Chrome</arg>
</arguments>
<msg timestamp="20200816 14:10:12.065" level="INFO">Opening browser 'Chrome' to base url 'http://room5.trivago.com/'.</msg>
<status status="PASS" starttime="20200816 14:10:12.064" endtime="20200816 14:10:18.743"></status>
</kw>
<kw name="Set Selenium Speed" library="SeleniumLibrary">
<doc>Sets the delay that is waited after each Selenium command.</doc>
<arguments>
<arg>1</arg>
</arguments>
<status status="PASS" starttime="20200816 14:10:18.743" endtime="20200816 14:10:18.743"></status>
</kw>
<kw name="Maximize Browser Window" library="SeleniumLibrary">
<doc>Maximizes current browser window.</doc>
<status status="PASS" starttime="20200816 14:10:18.744" endtime="20200816 14:10:21.997"></status>
</kw>
<kw name="Trivago Page Should Be Open" library="Trivago">
<kw name="Title Should Be" library="SeleniumLibrary">
<doc>Verifies that the current page title equals ``title``.</doc>
<arguments>
<arg>trivago Magazine</arg>
</arguments>
<msg timestamp="20200816 14:10:23.015" level="INFO">Page title is 'trivago Magazine'.</msg>
<status status="PASS" starttime="20200816 14:10:21.998" endtime="20200816 14:10:23.016"></status>
</kw>
<status status="PASS" starttime="20200816 14:10:21.997" endtime="20200816 14:10:23.018"></status>
</kw>
<status status="PASS" starttime="20200816 14:10:12.064" endtime="20200816 14:10:23.019"></status>
</kw>
<status status="PASS" starttime="20200816 14:10:12.063" endtime="20200816 14:10:23.020"></status>
</kw>
<kw name="When Subscribe action" library="Trivago">
<kw name="Subscribe" library="LandingPage">
<kw name="Generate Random String" library="String">
<doc>Generates a string with a desired ``length`` from the given ``chars``.</doc>
<arguments>
<arg>8</arg>
<arg>[NUMBERS]</arg>
</arguments>
<assign>
<var>${password}</var>
</assign>
<msg timestamp="20200816 14:10:23.024" level="INFO">${password} = 11429453</msg>
<status status="PASS" starttime="20200816 14:10:23.024" endtime="20200816 14:10:23.024"></status>
</kw>
<kw name="Input Text" library="SeleniumLibrary">
<doc>Types the given ``text`` into the text field identified by ``locator``.</doc>
<arguments>
<arg>css=div.newsletter-email&gt;input</arg>
<arg>${password}@n1ew.rt</arg>
</arguments>
<msg timestamp="20200816 14:10:23.025" level="INFO">Typing text '11429453@n1ew.rt' into text field 'css=div.newsletter-email&gt;input'.</msg>
<status status="PASS" starttime="20200816 14:10:23.025" endtime="20200816 14:10:26.305"></status>
</kw>
<kw name="Click Element" library="SeleniumLibrary">
<doc>Click the element identified by ``locator``.</doc>
<arguments>
<arg>xpath=//div[2]/div[2]/button</arg>
</arguments>
<msg timestamp="20200816 14:10:26.306" level="INFO">Clicking element 'xpath=//div[2]/div[2]/button'.</msg>
<status status="PASS" starttime="20200816 14:10:26.306" endtime="20200816 14:10:28.491"></status>
</kw>
<status status="PASS" starttime="20200816 14:10:23.022" endtime="20200816 14:10:28.491"></status>
</kw>
<status status="PASS" starttime="20200816 14:10:23.021" endtime="20200816 14:10:28.492"></status>
</kw>
<kw name="Then Actual message" library="LandingPage">
<kw name="Wait Until Element Contains" library="SeleniumLibrary">
<doc>Waits until the element ``locator`` contains ``text``.</doc>
<arguments>
<arg>//*[@id="app"]/div[3]/div/div/div[4]/section/div/p</arg>
<arg>You are now checked-in!</arg>
</arguments>
<status status="PASS" starttime="20200816 14:10:28.496" endtime="20200816 14:10:32.802"></status>
</kw>
<status status="PASS" starttime="20200816 14:10:28.494" endtime="20200816 14:10:32.803"></status>
</kw>
<kw name="Close Browser" library="SeleniumLibrary" type="teardown">
<doc>Closes the current browser.</doc>
<status status="PASS" starttime="20200816 14:10:32.805" endtime="20200816 14:10:35.957"></status>
</kw>
<status status="PASS" starttime="20200816 14:10:12.062" endtime="20200816 14:10:35.958" critical="yes"></status>
</test>
<status status="PASS" starttime="20200816 14:10:11.643" endtime="20200816 14:10:35.966"></status>
</suite>
<statistics>
<total>
<stat pass="1" fail="0">Critical Tests</stat>
<stat pass="1" fail="0">All Tests</stat>
</total>
<tag>
</tag>
<suite>
<stat pass="1" fail="0" id="s1" name="SubscribetoNewsletter">SubscribetoNewsletter</stat>
</suite>
</statistics>
<errors>
</errors>
</robot>
